<?xml version="1.0" encoding="UTF-8"?>
<testng-results skipped="0" failed="0" total="1" passed="1">
  <reporter-output>
  </reporter-output>
  <suite name="Default suite" duration-ms="37" started-at="2020-11-01T19:26:43Z" finished-at="2020-11-01T19:26:44Z">
    <groups>
    </groups>
    <test name="Default test" duration-ms="37" started-at="2020-11-01T19:26:43Z" finished-at="2020-11-01T19:26:44Z">
      <class name="com.qa.demo.Test1">
        <test-method status="PASS" signature="demo1()[pri:0, instance:com.qa.demo.Test1@396a51ab]" name="demo1" duration-ms="14" started-at="2020-11-02T00:56:44Z" finished-at="2020-11-02T00:56:44Z">
          <reporter-output>
          </reporter-output>
        </test-method> <!-- demo1 -->
      </class> <!-- com.qa.demo.Test1 -->
    </test> <!-- Default test -->
  </suite> <!-- Default suite -->
</testng-results>
