<?xml version="1.0" encoding="UTF-8"?>
<testng-results skipped="0" failed="0" total="2" passed="2">
  <reporter-output>
  </reporter-output>
  <suite name="Demo Sample" duration-ms="39" started-at="2020-11-01T19:13:33Z" finished-at="2020-11-01T19:13:34Z">
    <groups>
    </groups>
    <test name="Simple" duration-ms="39" started-at="2020-11-01T19:13:33Z" finished-at="2020-11-01T19:13:34Z">
      <class name="com.qa.demo.Test2">
        <test-method status="PASS" signature="demo2()[pri:0, instance:com.qa.demo.Test2@62ee68d8]" name="demo2" duration-ms="2" started-at="2020-11-02T00:43:34Z" finished-at="2020-11-02T00:43:34Z">
          <reporter-output>
          </reporter-output>
        </test-method> <!-- demo2 -->
      </class> <!-- com.qa.demo.Test2 -->
      <class name="com.qa.demo.Test1">
        <test-method status="PASS" signature="demo1()[pri:0, instance:com.qa.demo.Test1@51081592]" name="demo1" duration-ms="15" started-at="2020-11-02T00:43:33Z" finished-at="2020-11-02T00:43:34Z">
          <reporter-output>
          </reporter-output>
        </test-method> <!-- demo1 -->
      </class> <!-- com.qa.demo.Test1 -->
    </test> <!-- Simple -->
  </suite> <!-- Demo Sample -->
</testng-results>
